<?xml version="1.0" encoding="utf-8"?><testsuites name="pytest tests"><testsuite name="pytest" errors="0" failures="0" skipped="0" tests="22" time="14.200" timestamp="2026-03-10T00:30:47.770396+00:00" hostname="agent-env-d534d419-5008-4e38-8339-45e2a8e29fbb"><testcase classname="backend.tests.test_user_auth.TestUserAuthentication" name="test_api_health_check" time="0.260" /><testcase classname="backend.tests.test_user_auth.TestUserAuthentication" name="test_admin_login_success" time="0.381" /><testcase classname="backend.tests.test_user_auth.TestUserAuthentication" name="test_login_invalid_password" time="0.363" /><testcase classname="backend.tests.test_user_auth.TestUserAuthentication" name="test_login_invalid_username" time="0.125" /><testcase classname="backend.tests.test_user_auth.TestUserRegistration" name="test_register_new_staff_user" time="0.725" /><testcase classname="backend.tests.test_user_auth.TestUserRegistration" name="test_register_duplicate_username_fails" time="0.493" /><testcase classname="backend.tests.test_user_auth.TestOnlineStatus" name="test_get_all_users_with_online_status" time="0.498" /><testcase classname="backend.tests.test_user_auth.TestOnlineStatus" name="test_current_user_endpoint" time="0.451" /><testcase classname="backend.tests.test_user_auth.TestActivityLog" name="test_get_activity_logs" time="0.457" /><testcase classname="backend.tests.test_user_auth.TestActivityLog" name="test_login_creates_activity_log" time="0.549" /><testcase classname="backend.tests.test_user_auth.TestLogout" name="test_logout_invalidates_session" time="0.724" /><testcase classname="backend.tests.test_user_auth.TestProtectedRoutes" name="test_users_endpoint_requires_auth" time="0.143" /><testcase classname="backend.tests.test_user_auth.TestProtectedRoutes" name="test_activity_endpoint_requires_auth" time="0.126" /><testcase classname="backend.tests.test_user_auth.TestProtectedRoutes" name="test_me_endpoint_requires_auth" time="0.113" /><testcase classname="backend.tests.test_user_auth.TestInvoiceOperations" name="test_invoice_shows_creator_name" time="0.720" /><testcase classname="backend.tests.test_user_auth.TestInvoiceOperations" name="test_refund_paid_invoice" time="0.920" /><testcase classname="backend.tests.test_user_auth.TestInvoiceOperations" name="test_refund_requires_correct_password" time="0.799" /><testcase classname="backend.tests.test_user_auth.TestInvoiceOperations" name="test_cancel_and_uncancel_invoice" time="1.113" /><testcase classname="backend.tests.test_user_auth.TestInvoiceOperations" name="test_uncancel_requires_correct_password" time="0.841" /><testcase classname="backend.tests.test_user_auth.TestInvoiceOperations" name="test_delete_cancelled_invoice" time="0.978" /><testcase classname="backend.tests.test_user_auth.TestInvoiceOperations" name="test_activity_log_records_invoice_actions" time="1.964" /><testcase classname="backend.tests.test_user_auth.TestCleanup" name="test_cleanup_test_parts" time="1.314" /></testsuite></testsuites>