<?xml version="1.0" encoding="utf-8"?><testsuites name="pytest tests"><testsuite name="pytest" errors="0" failures="0" skipped="0" tests="24" time="73.710" timestamp="2026-03-09T23:39:41.838901+00:00" hostname="agent-env-d534d419-5008-4e38-8339-45e2a8e29fbb"><testcase classname="backend.tests.test_invoice_system.TestAPIHealth" name="test_api_is_running" time="0.151" /><testcase classname="backend.tests.test_invoice_system.TestPasswordVerification" name="test_admin_password_valid" time="0.119" /><testcase classname="backend.tests.test_invoice_system.TestPasswordVerification" name="test_admin_password_invalid" time="0.108" /><testcase classname="backend.tests.test_invoice_system.TestPasswordVerification" name="test_invoice_password_valid" time="0.113" /><testcase classname="backend.tests.test_invoice_system.TestPasswordVerification" name="test_invoice_password_invalid" time="0.101" /><testcase classname="backend.tests.test_invoice_system.TestCustomerDiscountPercentage" name="test_customer_discount_created" time="0.230" /><testcase classname="backend.tests.test_invoice_system.TestCustomerDiscountPercentage" name="test_customer_discount_retrieved" time="0.364" /><testcase classname="backend.tests.test_invoice_system.TestCustomerDiscountPercentage" name="test_customer_discount_updated" time="0.356" /><testcase classname="backend.tests.test_invoice_system.TestInvoiceNumberFormat" name="test_invoice_number_format" time="0.512" /><testcase classname="backend.tests.test_invoice_system.TestInvoiceStatus" name="test_invoice_created_with_pending_status" time="0.443" /><testcase classname="backend.tests.test_invoice_system.TestInvoiceStatus" name="test_mark_invoice_as_paid" time="0.705" /><testcase classname="backend.tests.test_invoice_system.TestDownPaymentAndBalanceDue" name="test_down_payment_recorded" time="0.476" /><testcase classname="backend.tests.test_invoice_system.TestDownPaymentAndBalanceDue" name="test_balance_due_calculated" time="0.464" /><testcase classname="backend.tests.test_invoice_system.TestDownPaymentAndBalanceDue" name="test_add_payment_updates_balance" time="0.672" /><testcase classname="backend.tests.test_invoice_system.TestAutoSaveCustomer" name="test_customer_auto_saved" time="0.713" /><testcase classname="backend.tests.test_invoice_system.TestInvoiceDeleteCancel" name="test_delete_with_wrong_password_fails" time="61.417" /><testcase classname="backend.tests.test_invoice_system.TestInvoiceDeleteCancel" name="test_delete_with_correct_password" time="0.958" /><testcase classname="backend.tests.test_invoice_system.TestInvoiceDeleteCancel" name="test_cancel_with_wrong_password_fails" time="0.803" /><testcase classname="backend.tests.test_invoice_system.TestInvoiceDeleteCancel" name="test_cancel_with_correct_password" time="0.967" /><testcase classname="backend.tests.test_invoice_system.TestCustomerInvoiceHistory" name="test_customer_invoice_history_endpoint" time="1.529" /><testcase classname="backend.tests.test_invoice_system.TestSalesJournal" name="test_sales_journal_today" time="0.594" /><testcase classname="backend.tests.test_invoice_system.TestSalesJournal" name="test_sales_journal_check_off" time="0.736" /><testcase classname="backend.tests.test_invoice_system.TestSalesJournal" name="test_sales_journal_dates" time="0.572" /><testcase classname="backend.tests.test_invoice_system.TestInvoicePrintView" name="test_print_view_has_all_fields" time="0.542" /></testsuite></testsuites>